avchatkit/build/intermediates/manifest_merge_blame_file/debug/manifest-merger-blame-debug-report.txt
1<?xml version="1.0" encoding="utf-8"?>
2<manifest xmlns:android="http://schemas.android.com/apk/res/android"
3    package="com.netease.nim.avchatkit"
4    android:versionCode="140"
5    android:versionName="8.0.0" >
6
7    <uses-sdk
8        android:minSdkVersion="22"
8-->src\main\AndroidManifest.xml
9        android:targetSdkVersion="28" />
9-->src\main\AndroidManifest.xml
10
11    <uses-permission android:name="android.permission.ACCESS_NETWORK_STATE" />
11-->src\main\AndroidManifest.xml:4:5-79
11-->src\main\AndroidManifest.xml:4:22-76
12    <uses-permission android:name="android.permission.ACCESS_WIFI_STATE" />
12-->src\main\AndroidManifest.xml:5:5-76
12-->src\main\AndroidManifest.xml:5:22-73
13
14    <application>
14-->src\main\AndroidManifest.xml:6:5-34:19
15        <activity
15-->src\main\AndroidManifest.xml:7:9-12:63
16            android:name="com.netease.nim.avchatkit.activity.AVChatActivity"
16-->src\main\AndroidManifest.xml:8:13-77
17            android:launchMode="singleTask"
17-->src\main\AndroidManifest.xml:9:13-44
18            android:screenOrientation="portrait"
18-->src\main\AndroidManifest.xml:10:13-49
19            android:theme="@style/FullScreenTheme"
19-->src\main\AndroidManifest.xml:11:13-51
20            android:windowSoftInputMode="stateAlwaysHidden" />
20-->src\main\AndroidManifest.xml:12:13-60
21
22        <!-- 音视频 -->
23        <activity
23-->src\main\AndroidManifest.xml:15:9-20:63
24            android:name="com.netease.nim.avchatkit.teamavchat.activity.TeamAVChatActivity"
24-->src\main\AndroidManifest.xml:16:13-67
25            android:launchMode="singleTask"
25-->src\main\AndroidManifest.xml:17:13-44
26            android:screenOrientation="portrait"
26-->src\main\AndroidManifest.xml:18:13-49
27            android:theme="@style/FullScreenTheme"
27-->src\main\AndroidManifest.xml:19:13-51
28            android:windowSoftInputMode="stateAlwaysHidden" />
28-->src\main\AndroidManifest.xml:20:13-60
29
30        <!-- NRTC Settings -->
31        <activity
31-->src\main\AndroidManifest.xml:23:9-25:52
32            android:name="com.netease.nim.avchatkit.activity.AVChatSettingsActivity"
32-->src\main\AndroidManifest.xml:24:13-85
33            android:screenOrientation="portrait" />
33-->src\main\AndroidManifest.xml:25:13-49
34
35        <!-- 申明本地电话状态（通话状态）的广播接收器，第三方APP集成时音视频模块时，如果需要在App中处理网络通话与本地电话的交互请加上此接收器 -->
36        <!-- 在Demo的示例代码中是在Application进行了网络通话与本地电话的互斥处理 -->
37        <receiver android:name="com.netease.nim.avchatkit.receiver.IncomingCallReceiver" >
37-->src\main\AndroidManifest.xml:29:9-33:20
37-->src\main\AndroidManifest.xml:29:19-89
38            <intent-filter>
38-->src\main\AndroidManifest.xml:30:13-32:29
39                <action android:name="android.intent.action.PHONE_STATE" />
39-->src\main\AndroidManifest.xml:31:17-76
39-->src\main\AndroidManifest.xml:31:25-73
40            </intent-filter>
41        </receiver>
42    </application>
43
44</manifest>